<?xml version="1.0" encoding="UTF-8"?>
<coverage generated="1620844024979" clover="3.2.0">
  <project timestamp="1620844024980" name="All files">
    <metrics statements="9" coveredstatements="9" conditionals="2" coveredconditionals="2" methods="3" coveredmethods="3" elements="14" coveredelements="14" complexity="0" loc="9" ncloc="9" packages="1" files="1" classes="1"/>
    <file name="smallest_digit_in_number.js" path="C:\Users\abord\Documents\Homework\Integrációs és Ellenőrző technikák\HF 2\iet-hf2021-kamikaze-csuszda-1\code\mathematical_algorithms\src\smallest_digit_in_number\smallest_digit_in_number.js">
      <metrics statements="9" coveredstatements="9" conditionals="2" coveredconditionals="2" methods="3" coveredmethods="3"/>
      <line num="1" count="1" type="stmt"/>
      <line num="2" count="6" type="cond" truecount="2" falsecount="0"/>
      <line num="3" count="1" type="stmt"/>
      <line num="4" count="1" type="stmt"/>
      <line num="7" count="5" type="stmt"/>
      <line num="9" count="30" type="stmt"/>
      <line num="10" count="21" type="stmt"/>
      <line num="13" count="1" type="stmt"/>
      <line num="15" count="1" type="stmt"/>
    </file>
  </project>
</coverage>
